[2026-05-31T03:00:04Z] == apt ==
Get:1 https://cli.github.com/packages stable InRelease [3,917 B]
Hit:2 https://download.docker.com/linux/ubuntu resolute InRelease
Hit:3 https://deb.nodesource.com/node_24.x nodistro InRelease
Hit:4 https://apt.postgresql.org/pub/repos/apt resolute-pgdg InRelease
Get:5 https://dl.cloudsmith.io/public/caddy/stable/deb/debian any-version InRelease [14.8 kB]
Hit:6 http://archive.ubuntu.com/ubuntu resolute InRelease
Hit:7 http://security.ubuntu.com/ubuntu resolute-security InRelease
Get:8 https://pkgs.tailscale.com/stable/ubuntu resolute InRelease
Hit:9 http://archive.ubuntu.com/ubuntu resolute-updates InRelease
Hit:10 http://archive.ubuntu.com/ubuntu resolute-backports InRelease
Hit:11 https://download.webmin.com/download/newkey/repository stable InRelease
Fetched 25.3 kB in 3s (8,387 B/s)
Reading package lists...
Reading package lists...
Building dependency tree...
Reading state information...
Calculating upgrade...
The following packages have been kept back:
  linux-generic linux-headers-generic linux-image-generic
0 upgraded, 0 newly installed, 0 to remove and 3 not upgraded.
[2026-05-31T03:00:09Z] == brew ==
[2026-05-31T03:00:09Z] == npm ==
npm warn deprecated uv@1.4.0: Use NodeBuffer.isUtf8() instead, it is faster
npm warn deprecated prebuild-install@7.1.3: No longer maintained. Please contact the author of the relevant native addon; alternatives are available.

changed 176 packages in 9s

55 packages are looking for funding
  run `npm fund` for details
npm warn allow-scripts 2 packages have install scripts not yet covered by allowScripts:
npm warn allow-scripts   9router@0.4.66 (postinstall: node hooks/postinstall.js)
npm warn allow-scripts   better-sqlite3@12.10.0 (install: prebuild-install || node-gyp rebuild --release)
npm warn allow-scripts
npm warn allow-scripts Run `npm approve-scripts --allow-scripts-pending` to review, or `npm approve-scripts <pkg>` to allow.
[2026-05-31T03:00:18Z] == pip ==
[2026-05-31T03:00:18Z] No pip venvs found
[2026-05-31T03:00:18Z] == snap ==
All snaps up to date.
[2026-05-31T03:00:19Z] == docker ==
 Image cortex-agentgateway:local Pulling 
 Image cortex-agentgateway:local pull access denied for cortex-agentgateway, repository does not exist or may require 'docker login' 
time="2026-05-31T03:00:21Z" level=warning msg="WARNING: Some service image(s) must be built from source by running:\n    docker compose build cortex-agentgateway"
Error response from daemon: pull access denied for cortex-agentgateway, repository does not exist or may require 'docker login'
env file /opt/cortexos/.secrets/agentgateway.env not found: stat /opt/cortexos/.secrets/agentgateway.env: no such file or directory
[2026-05-31T03:00:21Z] Updated compose stack: /opt/cortexos/stacks/cortex-agentgateway
 Image cortex-dashboard:local Pulling 
 Image cortex-dashboard:local pull access denied for cortex-dashboard, repository does not exist or may require 'docker login' 
time="2026-05-31T03:00:22Z" level=warning msg="WARNING: Some service image(s) must be built from source by running:\n    docker compose build cortex-dashboard"
Error response from daemon: pull access denied for cortex-dashboard, repository does not exist or may require 'docker login'
 Container cortex-dashboard Running 
[2026-05-31T03:00:22Z] Updated compose stack: /opt/cortexos/stacks/cortex-dashboard
 Image ghcr.io/obot-platform/obot:latest Pulling 
 Image ghcr.io/obot-platform/obot:latest Pulled 
 Container cortex-obot Running 
[2026-05-31T03:00:25Z] Updated compose stack: /opt/cortexos/stacks/cortex-obot
 Image cortex-sandbox-runner:local Pulling 
 Image cortex-sandbox-runner:local pull access denied for cortex-sandbox-runner, repository does not exist or may require 'docker login' 
time="2026-05-31T03:00:25Z" level=warning msg="WARNING: Some service image(s) must be built from source by running:\n    docker compose build cortex-sandbox-runner"
Error response from daemon: pull access denied for cortex-sandbox-runner, repository does not exist or may require 'docker login'
 Container cortex-sandbox-runner Running 
[2026-05-31T03:00:25Z] Updated compose stack: /opt/cortexos/stacks/cortex-sandbox-runner
 Image louislam/dockge:1 Pulling 
 Image louislam/dockge:1 Pulled 
 Container cortex-dockhand Running 
[2026-05-31T03:00:29Z] Updated compose stack: /opt/cortexos/stacks/dockhand
 Image ghcr.io/home-assistant/home-assistant:stable Pulling 
 Image ghcr.io/home-assistant/home-assistant:stable Pulled 
 Container cortex-home-assistant Running 
[2026-05-31T03:00:38Z] Updated compose stack: /opt/cortexos/stacks/home-assistant
 api Skipped No image to be pulled
 deriver Skipped No image to be pulled
 Image redis:8.2 Pulling 
 Image pgvector/pgvector:pg15 Pulling 
 Image redis:8.2 Pulled 
 Image pgvector/pgvector:pg15 Pulled 
 Container honcho-redis Running 
 Container honcho-database Running 
 Container honcho-api Running 
 Container honcho-deriver Running 
 Container honcho-database Waiting 
 Container honcho-redis Waiting 
 Container honcho-database Healthy 
 Container honcho-redis Healthy 
 Container honcho-redis Waiting 
 Container honcho-api Waiting 
 Container honcho-database Waiting 
 Container honcho-redis Healthy 
 Container honcho-database Healthy 
 Container honcho-api Healthy 
[2026-05-31T03:00:42Z] Updated compose stack: /opt/cortexos/stacks/honcho
 Image jellyfin/jellyfin:latest Pulling 
 Image jellyfin/jellyfin:latest Pulled 
 Container cortex-jellyfin Running 
[2026-05-31T03:00:43Z] Updated compose stack: /opt/cortexos/stacks/jellyfin
 Image mongo:7 Pulling 
 Image mongo-express:latest Pulling 
 Image mongo-express:latest Pulled 
 Image mongo:7 Pulled 
 Container cortex-mongodb Running 
 Container cortex-mongo-express Running 
 Container cortex-mongodb Waiting 
 Container cortex-mongodb Healthy 
[2026-05-31T03:00:47Z] Updated compose stack: /opt/cortexos/stacks/mongodb
 Image percona/mongodb_exporter:0.44 Pulling 
 Image percona/mongodb_exporter:0.44 Pulled 
 Container cortex-mongo-exporter Running 
[2026-05-31T03:00:48Z] Updated compose stack: /opt/cortexos/stacks/mongo-exporter
time="2026-05-31T03:00:48Z" level=warning msg="The \"CORTEX_DOMAIN\" variable is not set. Defaulting to a blank string."
time="2026-05-31T03:00:48Z" level=warning msg="The \"CORTEX_DOMAIN\" variable is not set. Defaulting to a blank string."
time="2026-05-31T03:00:48Z" level=warning msg="The \"CORTEX_DOMAIN\" variable is not set. Defaulting to a blank string."
time="2026-05-31T03:00:48Z" level=warning msg="The \"GRAFANA_ADMIN_PASSWORD\" variable is not set. Defaulting to a blank string."
 Image fluent/fluent-bit Pulling 
 Image grafana/loki Pulling 
 Image ghcr.io/henrywhitaker3/adguard-exporter:latest Pulling 
 Image grafana/grafana Pulling 
 Image gcr.io/cadvisor/cadvisor Pulling 
 Image prom/node-exporter Pulling 
 Image prom/prometheus Pulling 
 Image prom/snmp-exporter:latest Pulling 
 Image prom/snmp-exporter:latest Pulled 
 Image prom/prometheus Pulled 
 Image fluent/fluent-bit Pulled 
 Image prom/node-exporter Pulled 
 Image grafana/grafana Pulled 
 Image gcr.io/cadvisor/cadvisor Pulled 
 Image grafana/loki Pulled 
 Image ghcr.io/henrywhitaker3/adguard-exporter:latest Pulled 
time="2026-05-31T03:00:52Z" level=warning msg="The \"CORTEX_DOMAIN\" variable is not set. Defaulting to a blank string."
time="2026-05-31T03:00:52Z" level=warning msg="The \"CORTEX_DOMAIN\" variable is not set. Defaulting to a blank string."
time="2026-05-31T03:00:52Z" level=warning msg="The \"GRAFANA_ADMIN_PASSWORD\" variable is not set. Defaulting to a blank string."
time="2026-05-31T03:00:52Z" level=warning msg="The \"CORTEX_DOMAIN\" variable is not set. Defaulting to a blank string."
 Container cortex-prometheus Running 
 Container cortex-grafana Running 
 Container cortex-snmp-exporter Running 
 Container cortex-node-exporter Running 
 Container cortex-adguard-exporter Running 
 Container cortex-loki Running 
 Container cortex-cadvisor Running 
 Container cortex-fluent-bit Running 
[2026-05-31T03:00:52Z] Updated compose stack: /opt/cortexos/stacks/monitoring
 Image phpmyadmin/phpmyadmin:latest Pulling 
 Image mysql:8 Pulling 
 Image phpmyadmin/phpmyadmin:latest Pulled 
 Image mysql:8 Pulled 
 Container cortex-mysql Running 
 Container cortex-phpmyadmin Running 
 Container cortex-mysql Waiting 
 Container cortex-mysql Healthy 
[2026-05-31T03:00:55Z] Updated compose stack: /opt/cortexos/stacks/mysql
 Image prom/mysqld-exporter:v0.15.1 Pulling 
 Image prom/mysqld-exporter:v0.15.1 Pulled 
 Container cortex-mysql-exporter Running 
[2026-05-31T03:00:56Z] Updated compose stack: /opt/cortexos/stacks/mysql-exporter
 Image otel/opentelemetry-collector-contrib:latest Pulling 
 Image otel/opentelemetry-collector-contrib:latest Pulled 
 Container cortex-otel-collector Running 
[2026-05-31T03:00:58Z] Updated compose stack: /opt/cortexos/stacks/otel
 Image dpage/pgadmin4:latest Pulling 
 Image dpage/pgadmin4:latest Pulled 
 Container cortex-pgadmin Running 
[2026-05-31T03:01:00Z] Updated compose stack: /opt/cortexos/stacks/pgadmin
time="2026-05-31T03:01:00Z" level=warning msg="The \"POSTGRES_PASSWORD\" variable is not set. Defaulting to a blank string."
 Image prometheuscommunity/postgres-exporter:latest Pulling 
 Image prometheuscommunity/postgres-exporter:latest Pulled 
time="2026-05-31T03:01:01Z" level=warning msg="The \"POSTGRES_PASSWORD\" variable is not set. Defaulting to a blank string."
 Container cortex-pg-exporter Running 
[2026-05-31T03:01:01Z] Updated compose stack: /opt/cortexos/stacks/pg-exporter
time="2026-05-31T03:01:01Z" level=warning msg="The \"POSTGRES_PASSWORD\" variable is not set. Defaulting to a blank string."
 Image postgres:17-alpine Pulling 
 Image postgres:17-alpine Pulled 
time="2026-05-31T03:01:03Z" level=warning msg="The \"POSTGRES_PASSWORD\" variable is not set. Defaulting to a blank string."
 Container cortex-postgresql Running 
[2026-05-31T03:01:03Z] Updated compose stack: /opt/cortexos/stacks/postgresql
 Image redis:8-alpine Pulling 
 Image redis:8-alpine Pulled 
 Container cortex-redis Running 
[2026-05-31T03:01:06Z] Updated compose stack: /opt/cortexos/stacks/redis
time="2026-05-31T03:01:06Z" level=warning msg="The \"REDIS_PASSWORD\" variable is not set. Defaulting to a blank string."
 Image oliver006/redis_exporter:latest Pulling 
 Image oliver006/redis_exporter:latest Pulled 
time="2026-05-31T03:01:08Z" level=warning msg="The \"REDIS_PASSWORD\" variable is not set. Defaulting to a blank string."
 Container cortex-redis-exporter Running 
[2026-05-31T03:01:08Z] Updated compose stack: /opt/cortexos/stacks/redis-exporter
 Image redis/redisinsight:latest Pulling 
 Image redis/redisinsight:latest Pulled 
 Container cortex-redisinsight Running 
[2026-05-31T03:01:10Z] Updated compose stack: /opt/cortexos/stacks/redis-insight
 Image containrrr/watchtower:latest-dev Pulling 
 Image containrrr/watchtower:latest-dev Pulled 
 Container cortex-watchtower Running 
[2026-05-31T03:01:11Z] Updated compose stack: /opt/cortexos/stacks/watchtower
[2026-05-31T03:01:11Z] == restarts ==
[2026-05-31T03:01:11Z] Report: /opt/cortexos/logs/auto-update-2026-05-31T03-00-01Z.json
